# JRE version: OpenJDK Runtime Environment Temurin-17.0.9+9 (17.0.9+9) (build 17.0.9+9)
# Java VM: OpenJDK 64-Bit Server VM Temurin-17.0.9+9 (17.0.9+9, mixed mode, tiered, compressed oops, compressed class ptrs, g1 gc, windows-amd64)
GC Precious Log:
 CPUs: 32 total, 32 available
 Memory: 65292M
 Large Page Support: Disabled
 NUMA Support: Disabled
 Compressed Oops: Enabled (Zero based)
 Heap Region Size: 8M
 Heap Min Capacity: 2G
 Heap Initial Capacity: 2G
 Heap Max Capacity: 16G
 Pre-touch: Disabled
 Parallel Workers: 23
 Concurrent Workers: 6
 Concurrent Refinement Workers: 23
 Periodic GC: Disabled
 String Deduplication is enabled
Heap:
 garbage-first heap   total 2097152K, used 240687K [0x0000000400000000, 0x0000000800000000)
  region size 8192K, 15 young (122880K), 10 survivors (81920K)
 Metaspace       used 159181K, committed 162688K, reserved 1245184K
  class space    used 18437K, committed 19840K, reserved 1048576K
GC Heap History (20 events):
Event: 2085.576 GC heap before
{Heap before GC invocations=15 (full 0):
 garbage-first heap   total 2097152K, used 1374655K [0x0000000400000000, 0x0000000800000000)
  region size 8192K, 153 young (1253376K), 7 survivors (57344K)
 Metaspace       used 153803K, committed 157120K, reserved 1245184K
  class space    used 17961K, committed 19328K, reserved 1048576K
}
Event: 2085.586 GC heap after
{Heap after GC invocations=16 (full 0):
 garbage-first heap   total 2097152K, used 189787K [0x0000000400000000, 0x0000000800000000)
  region size 8192K, 8 young (65536K), 8 survivors (65536K)
 Metaspace       used 153803K, committed 157120K, reserved 1245184K
  class space    used 17961K, committed 19328K, reserved 1048576K
}
Event: 2308.261 GC heap before
{Heap before GC invocations=16 (full 0):
 garbage-first heap   total 2097152K, used 1377627K [0x0000000400000000, 0x0000000800000000)
  region size 8192K, 153 young (1253376K), 8 survivors (65536K)
 Metaspace       used 155974K, committed 159360K, reserved 1245184K
  class space    used 18198K, committed 19584K, reserved 1048576K
}
Event: 2308.272 GC heap after
{Heap after GC invocations=17 (full 0):
 garbage-first heap   total 2097152K, used 196201K [0x0000000400000000, 0x0000000800000000)
  region size 8192K, 9 young (73728K), 9 survivors (73728K)
 Metaspace       used 155974K, committed 159360K, reserved 1245184K
  class space    used 18198K, committed 19584K, reserved 1048576K
}
Event: 2361.273 GC heap before
{Heap before GC invocations=17 (full 0):
 garbage-first heap   total 2097152K, used 1375849K [0x0000000400000000, 0x0000000800000000)
  region size 8192K, 153 young (1253376K), 9 survivors (73728K)
 Metaspace       used 156617K, committed 160000K, reserved 1245184K
  class space    used 18247K, committed 19584K, reserved 1048576K
}
Event: 2361.283 GC heap after
{Heap after GC invocations=18 (full 0):
 garbage-first heap   total 2097152K, used 199904K [0x0000000400000000, 0x0000000800000000)
  region size 8192K, 9 young (73728K), 9 survivors (73728K)
 Metaspace       used 156617K, committed 160000K, reserved 1245184K
  class space    used 18247K, committed 19584K, reserved 1048576K
}
Event: 2390.315 GC heap before
{Heap before GC invocations=18 (full 0):
 garbage-first heap   total 2097152K, used 1379552K [0x0000000400000000, 0x0000000800000000)
  region size 8192K, 153 young (1253376K), 9 survivors (73728K)
 Metaspace       used 157308K, committed 160704K, reserved 1245184K
  class space    used 18311K, committed 19648K, reserved 1048576K
}
Event: 2390.323 GC heap after
{Heap after GC invocations=19 (full 0):
 garbage-first heap   total 2097152K, used 191980K [0x0000000400000000, 0x0000000800000000)
  region size 8192K, 8 young (65536K), 8 survivors (65536K)
 Metaspace       used 157308K, committed 160704K, reserved 1245184K
  class space    used 18311K, committed 19648K, reserved 1048576K
}
Event: 2417.085 GC heap before
{Heap before GC invocations=19 (full 0):
 garbage-first heap   total 2097152K, used 1371628K [0x0000000400000000, 0x0000000800000000)
  region size 8192K, 153 young (1253376K), 8 survivors (65536K)
 Metaspace       used 157591K, committed 161024K, reserved 1245184K
  class space    used 18340K, committed 19712K, reserved 1048576K
}
Event: 2417.093 GC heap after
{Heap after GC invocations=20 (full 0):
 garbage-first heap   total 2097152K, used 192857K [0x0000000400000000, 0x0000000800000000)
  region size 8192K, 8 young (65536K), 8 survivors (65536K)
 Metaspace       used 157591K, committed 161024K, reserved 1245184K
  class space    used 18340K, committed 19712K, reserved 1048576K
}
Event: 2439.987 GC heap before
{Heap before GC invocations=20 (full 0):
 garbage-first heap   total 2097152K, used 1372505K [0x0000000400000000, 0x0000000800000000)
  region size 8192K, 153 young (1253376K), 8 survivors (65536K)
 Metaspace       used 157739K, committed 161152K, reserved 1245184K
  class space    used 18347K, committed 19712K, reserved 1048576K
}
Event: 2439.994 GC heap after
{Heap after GC invocations=21 (full 0):
 garbage-first heap   total 2097152K, used 189528K [0x0000000400000000, 0x0000000800000000)
  region size 8192K, 8 young (65536K), 8 survivors (65536K)
 Metaspace       used 157739K, committed 161152K, reserved 1245184K
  class space    used 18347K, committed 19712K, reserved 1048576K
}
Event: 2488.061 GC heap before
{Heap before GC invocations=21 (full 0):
 garbage-first heap   total 2097152K, used 1377368K [0x0000000400000000, 0x0000000800000000)
  region size 8192K, 153 young (1253376K), 8 survivors (65536K)
 Metaspace       used 158391K, committed 161792K, reserved 1245184K
  class space    used 18408K, committed 19776K, reserved 1048576K
}
Event: 2488.069 GC heap after
{Heap after GC invocations=22 (full 0):
 garbage-first heap   total 2097152K, used 194588K [0x0000000400000000, 0x0000000800000000)
  region size 8192K, 8 young (65536K), 8 survivors (65536K)
 Metaspace       used 158391K, committed 161792K, reserved 1245184K
  class space    used 18408K, committed 19776K, reserved 1048576K
}
Event: 2492.220 GC heap before
{Heap before GC invocations=22 (full 0):
 garbage-first heap   total 2097152K, used 1382428K [0x0000000400000000, 0x0000000800000000)
  region size 8192K, 153 young (1253376K), 8 survivors (65536K)
 Metaspace       used 158466K, committed 161856K, reserved 1245184K
  class space    used 18410K, committed 19776K, reserved 1048576K
}
Event: 2492.228 GC heap after
{Heap after GC invocations=23 (full 0):
 garbage-first heap   total 2097152K, used 189120K [0x0000000400000000, 0x0000000800000000)
  region size 8192K, 8 young (65536K), 8 survivors (65536K)
 Metaspace       used 158466K, committed 161856K, reserved 1245184K
  class space    used 18410K, committed 19776K, reserved 1048576K
}
Event: 2551.388 GC heap before
{Heap before GC invocations=23 (full 0):
 garbage-first heap   total 2097152K, used 1376960K [0x0000000400000000, 0x0000000800000000)
  region size 8192K, 153 young (1253376K), 8 survivors (65536K)
 Metaspace       used 158573K, committed 161984K, reserved 1245184K
  class space    used 18414K, committed 19776K, reserved 1048576K
}
Event: 2551.396 GC heap after
{Heap after GC invocations=24 (full 0):
 garbage-first heap   total 2097152K, used 195049K [0x0000000400000000, 0x0000000800000000)
  region size 8192K, 8 young (65536K), 8 survivors (65536K)
 Metaspace       used 158573K, committed 161984K, reserved 1245184K
  class space    used 18414K, committed 19776K, reserved 1048576K
}
Event: 12554.321 GC heap before
{Heap before GC invocations=24 (full 0):
 garbage-first heap   total 2097152K, used 1374697K [0x0000000400000000, 0x0000000800000000)
  region size 8192K, 153 young (1253376K), 8 survivors (65536K)
 Metaspace       used 159175K, committed 162688K, reserved 1245184K
  class space    used 18437K, committed 19840K, reserved 1048576K
}
Event: 12554.361 GC heap after
{Heap after GC invocations=25 (full 0):
 garbage-first heap   total 2097152K, used 207919K [0x0000000400000000, 0x0000000800000000)
  region size 8192K, 10 young (81920K), 10 survivors (81920K)
 Metaspace       used 159175K, committed 162688K, reserved 1245184K
  class space    used 18437K, committed 19840K, reserved 1048576K
}

